<?xml version="1.0" encoding="UTF-8"?>
<!-- Generated by org.testng.reporters.JUnitReportReporter -->
<testsuite hostname="MacBook-Pro.fios-router.home" failures="0" tests="1" name="TestCases.MyAccountRegistration" time="16.287" errors="0" timestamp="2022-11-20T09:22:12 EST" skipped="0">
  <testcase classname="TestCases.MyAccountRegistration" name="registrationWithEmptyPassword" time="16.287"/>
  <system-out/>
</testsuite> <!-- TestCases.MyAccountRegistration -->
