<?xml version="1.0" encoding="UTF-8"?>
<!-- Generated by org.testng.reporters.JUnitReportReporter -->
<testsuite hostname="MacBook-Pro.fios-router.home" failures="0" tests="1" name="TestCases.MyAccount" time="26.617" errors="0" timestamp="2022-11-19T02:19:11 EST" skipped="0">
  <testcase classname="TestCases.MyAccount" name="myAccountLogOut" time="26.617"/>
  <system-out/>
</testsuite> <!-- TestCases.MyAccount -->
