<?xml version="1.0" encoding="UTF-8"?>
<!-- Generated by org.testng.reporters.JUnitReportReporter -->
<testsuite hostname="MacBook-Pro.fios-router.home" failures="0" tests="1" name="TestCases.MyAccountLogin" time="15.607" errors="0" timestamp="2022-11-20T09:10:14 EST" skipped="0">
  <testcase classname="TestCases.MyAccountLogin" name="loginHandleCaseSensitive" time="15.607"/>
  <system-out/>
</testsuite> <!-- TestCases.MyAccountLogin -->
